# JRE version: OpenJDK Runtime Environment (17.0.9) (build 17.0.9+0--11185874)
# Java VM: OpenJDK 64-Bit Server VM (17.0.9+0--11185874, mixed mode, tiered, compressed oops, compressed class ptrs, g1 gc, windows-amd64)
GC Precious Log:
 CPUs: 8 total, 8 available
 Memory: 6030M
 Large Page Support: Disabled
 NUMA Support: Disabled
 Compressed Oops: Enabled (32-bit)
 Heap Region Size: 1M
 Heap Min Capacity: 8M
 Heap Initial Capacity: 96M
 Heap Max Capacity: 2G
 Pre-touch: Disabled
 Parallel Workers: 8
 Concurrent Workers: 2
 Concurrent Refinement Workers: 8
 Periodic GC: Disabled
Heap:
 garbage-first heap   total 409600K, used 208981K [0x0000000080000000, 0x0000000100000000)
  region size 1024K, 2 young (2048K), 2 survivors (2048K)
 Metaspace       used 111777K, committed 112576K, reserved 1179648K
  class space    used 15886K, committed 16256K, reserved 1048576K
GC Heap History (20 events):
Event: 24.241 GC heap after
{Heap after GC invocations=52 (full 0):
 garbage-first heap   total 141312K, used 81965K [0x0000000080000000, 0x0000000100000000)
  region size 1024K, 3 young (3072K), 3 survivors (3072K)
 Metaspace       used 91931K, committed 92672K, reserved 1179648K
  class space    used 12757K, committed 13120K, reserved 1048576K
}
Event: 24.257 GC heap before
{Heap before GC invocations=52 (full 0):
 garbage-first heap   total 141312K, used 85037K [0x0000000080000000, 0x0000000100000000)
  region size 1024K, 6 young (6144K), 3 survivors (3072K)
 Metaspace       used 91931K, committed 92672K, reserved 1179648K
  class space    used 12757K, committed 13120K, reserved 1048576K
}
Event: 24.263 GC heap after
{Heap after GC invocations=53 (full 0):
 garbage-first heap   total 141312K, used 82099K [0x0000000080000000, 0x0000000100000000)
  region size 1024K, 1 young (1024K), 1 survivors (1024K)
 Metaspace       used 91931K, committed 92672K, reserved 1179648K
  class space    used 12757K, committed 13120K, reserved 1048576K
}
Event: 24.557 GC heap before
{Heap before GC invocations=53 (full 0):
 garbage-first heap   total 141312K, used 116915K [0x0000000080000000, 0x0000000100000000)
  region size 1024K, 36 young (36864K), 1 survivors (1024K)
 Metaspace       used 91981K, committed 92672K, reserved 1179648K
  class space    used 12760K, committed 13120K, reserved 1048576K
}
Event: 24.563 GC heap after
{Heap after GC invocations=54 (full 0):
 garbage-first heap   total 325632K, used 83884K [0x0000000080000000, 0x0000000100000000)
  region size 1024K, 3 young (3072K), 3 survivors (3072K)
 Metaspace       used 91981K, committed 92672K, reserved 1179648K
  class space    used 12760K, committed 13120K, reserved 1048576K
}
Event: 27.323 GC heap before
{Heap before GC invocations=55 (full 0):
 garbage-first heap   total 325632K, used 304044K [0x0000000080000000, 0x0000000100000000)
  region size 1024K, 166 young (169984K), 3 survivors (3072K)
 Metaspace       used 102382K, committed 103104K, reserved 1179648K
  class space    used 14279K, committed 14656K, reserved 1048576K
}
Event: 27.389 GC heap after
{Heap after GC invocations=56 (full 0):
 garbage-first heap   total 344064K, used 146613K [0x0000000080000000, 0x0000000100000000)
  region size 1024K, 22 young (22528K), 22 survivors (22528K)
 Metaspace       used 102382K, committed 103104K, reserved 1179648K
  class space    used 14279K, committed 14656K, reserved 1048576K
}
Event: 27.414 GC heap before
{Heap before GC invocations=56 (full 0):
 garbage-first heap   total 344064K, used 147637K [0x0000000080000000, 0x0000000100000000)
  region size 1024K, 23 young (23552K), 22 survivors (22528K)
 Metaspace       used 102406K, committed 103168K, reserved 1179648K
  class space    used 14280K, committed 14656K, reserved 1048576K
}
Event: 27.507 GC heap after
{Heap after GC invocations=57 (full 0):
 garbage-first heap   total 344064K, used 148897K [0x0000000080000000, 0x0000000100000000)
  region size 1024K, 3 young (3072K), 3 survivors (3072K)
 Metaspace       used 102406K, committed 103168K, reserved 1179648K
  class space    used 14280K, committed 14656K, reserved 1048576K
}
Event: 28.930 GC heap before
{Heap before GC invocations=57 (full 0):
 garbage-first heap   total 344064K, used 240033K [0x0000000080000000, 0x0000000100000000)
  region size 1024K, 93 young (95232K), 3 survivors (3072K)
 Metaspace       used 107673K, committed 108416K, reserved 1179648K
  class space    used 15369K, committed 15744K, reserved 1048576K
}
Event: 28.992 GC heap after
{Heap after GC invocations=58 (full 0):
 garbage-first heap   total 344064K, used 173449K [0x0000000080000000, 0x0000000100000000)
  region size 1024K, 12 young (12288K), 12 survivors (12288K)
 Metaspace       used 107673K, committed 108416K, reserved 1179648K
  class space    used 15369K, committed 15744K, reserved 1048576K
}
Event: 30.784 GC heap before
{Heap before GC invocations=59 (full 0):
 garbage-first heap   total 344064K, used 252297K [0x0000000080000000, 0x0000000100000000)
  region size 1024K, 90 young (92160K), 12 survivors (12288K)
 Metaspace       used 108126K, committed 108800K, reserved 1179648K
  class space    used 15423K, committed 15744K, reserved 1048576K
}
Event: 30.887 GC heap after
{Heap after GC invocations=60 (full 0):
 garbage-first heap   total 344064K, used 212992K [0x0000000080000000, 0x0000000100000000)
  region size 1024K, 12 young (12288K), 12 survivors (12288K)
 Metaspace       used 108126K, committed 108800K, reserved 1179648K
  class space    used 15423K, committed 15744K, reserved 1048576K
}
Event: 30.945 GC heap before
{Heap before GC invocations=60 (full 0):
 garbage-first heap   total 344064K, used 216064K [0x0000000080000000, 0x0000000100000000)
  region size 1024K, 16 young (16384K), 12 survivors (12288K)
 Metaspace       used 108261K, committed 108992K, reserved 1179648K
  class space    used 15451K, committed 15808K, reserved 1048576K
}
Event: 30.979 GC heap after
{Heap after GC invocations=61 (full 0):
 garbage-first heap   total 344064K, used 216576K [0x0000000080000000, 0x0000000100000000)
  region size 1024K, 2 young (2048K), 2 survivors (2048K)
 Metaspace       used 108261K, committed 108992K, reserved 1179648K
  class space    used 15451K, committed 15808K, reserved 1048576K
}
Event: 31.499 GC heap before
{Heap before GC invocations=61 (full 0):
 garbage-first heap   total 344064K, used 265728K [0x0000000080000000, 0x0000000100000000)
  region size 1024K, 51 young (52224K), 2 survivors (2048K)
 Metaspace       used 110411K, committed 111168K, reserved 1179648K
  class space    used 15763K, committed 16128K, reserved 1048576K
}
Event: 31.516 GC heap after
{Heap after GC invocations=62 (full 0):
 garbage-first heap   total 344064K, used 225719K [0x0000000080000000, 0x0000000100000000)
  region size 1024K, 7 young (7168K), 7 survivors (7168K)
 Metaspace       used 110411K, committed 111168K, reserved 1179648K
  class space    used 15763K, committed 16128K, reserved 1048576K
}
Event: 32.120 GC heap before
{Heap before GC invocations=63 (full 0):
 garbage-first heap   total 409600K, used 258487K [0x0000000080000000, 0x0000000100000000)
  region size 1024K, 53 young (54272K), 7 survivors (7168K)
 Metaspace       used 111239K, committed 112000K, reserved 1179648K
  class space    used 15818K, committed 16192K, reserved 1048576K
}
Event: 32.135 GC heap after
{Heap after GC invocations=64 (full 0):
 garbage-first heap   total 409600K, used 212489K [0x0000000080000000, 0x0000000100000000)
  region size 1024K, 2 young (2048K), 2 survivors (2048K)
 Metaspace       used 111239K, committed 112000K, reserved 1179648K
  class space    used 15818K, committed 16192K, reserved 1048576K
}
Event: 32.325 GC heap before
{Heap before GC invocations=64 (full 0):
 garbage-first heap   total 409600K, used 230921K [0x0000000080000000, 0x0000000100000000)
  region size 1024K, 20 young (20480K), 2 survivors (2048K)
 Metaspace       used 111777K, committed 112576K, reserved 1179648K
  class space    used 15886K, committed 16256K, reserved 1048576K
}

