# JRE version: OpenJDK Runtime Environment (17.0.9) (build 17.0.9+0--11185874)
# Java VM: OpenJDK 64-Bit Server VM (17.0.9+0--11185874, mixed mode, tiered, compressed oops, compressed class ptrs, g1 gc, windows-amd64)
GC Precious Log:
 CPUs: 8 total, 8 available
 Memory: 6030M
 Large Page Support: Disabled
 NUMA Support: Disabled
 Compressed Oops: Enabled (32-bit)
 Heap Region Size: 1M
 Heap Min Capacity: 8M
 Heap Initial Capacity: 96M
 Heap Max Capacity: 2G
 Pre-touch: Disabled
 Parallel Workers: 8
 Concurrent Workers: 2
 Concurrent Refinement Workers: 8
 Periodic GC: Disabled
Heap:
 garbage-first heap   total 354304K, used 240006K [0x0000000080000000, 0x0000000100000000)
  region size 1024K, 4 young (4096K), 4 survivors (4096K)
 Metaspace       used 114305K, committed 115072K, reserved 1179648K
  class space    used 16271K, committed 16640K, reserved 1048576K
GC Heap History (20 events):
Event: 18.584 GC heap after
{Heap after GC invocations=46 (full 0):
 garbage-first heap   total 188416K, used 87055K [0x0000000080000000, 0x0000000100000000)
  region size 1024K, 3 young (3072K), 3 survivors (3072K)
 Metaspace       used 93514K, committed 94272K, reserved 1179648K
  class space    used 12937K, committed 13312K, reserved 1048576K
}
Event: 19.676 GC heap before
{Heap before GC invocations=47 (full 0):
 garbage-first heap   total 188416K, used 176143K [0x0000000080000000, 0x0000000100000000)
  region size 1024K, 66 young (67584K), 3 survivors (3072K)
 Metaspace       used 98760K, committed 99456K, reserved 1179648K
  class space    used 13751K, committed 14080K, reserved 1048576K
}
Event: 19.781 GC heap after
{Heap after GC invocations=48 (full 0):
 garbage-first heap   total 190464K, used 114065K [0x0000000080000000, 0x0000000100000000)
  region size 1024K, 9 young (9216K), 9 survivors (9216K)
 Metaspace       used 98760K, committed 99456K, reserved 1179648K
  class space    used 13751K, committed 14080K, reserved 1048576K
}
Event: 19.783 GC heap before
{Heap before GC invocations=48 (full 0):
 garbage-first heap   total 190464K, used 114065K [0x0000000080000000, 0x0000000100000000)
  region size 1024K, 10 young (10240K), 9 survivors (9216K)
 Metaspace       used 98772K, committed 99456K, reserved 1179648K
  class space    used 13752K, committed 14080K, reserved 1048576K
}
Event: 19.798 GC heap after
{Heap after GC invocations=49 (full 0):
 garbage-first heap   total 354304K, used 114062K [0x0000000080000000, 0x0000000100000000)
  region size 1024K, 2 young (2048K), 2 survivors (2048K)
 Metaspace       used 98772K, committed 99456K, reserved 1179648K
  class space    used 13752K, committed 14080K, reserved 1048576K
}
Event: 23.067 GC heap before
{Heap before GC invocations=49 (full 0):
 garbage-first heap   total 354304K, used 268686K [0x0000000080000000, 0x0000000100000000)
  region size 1024K, 131 young (134144K), 2 survivors (2048K)
 Metaspace       used 104507K, committed 105216K, reserved 1179648K
  class space    used 14830K, committed 15168K, reserved 1048576K
}
Event: 23.128 GC heap after
{Heap after GC invocations=50 (full 0):
 garbage-first heap   total 354304K, used 163421K [0x0000000080000000, 0x0000000100000000)
  region size 1024K, 17 young (17408K), 17 survivors (17408K)
 Metaspace       used 104507K, committed 105216K, reserved 1179648K
  class space    used 14830K, committed 15168K, reserved 1048576K
}
Event: 23.501 GC heap before
{Heap before GC invocations=50 (full 0):
 garbage-first heap   total 354304K, used 254557K [0x0000000080000000, 0x0000000100000000)
  region size 1024K, 107 young (109568K), 17 survivors (17408K)
 Metaspace       used 105384K, committed 106048K, reserved 1179648K
  class space    used 14916K, committed 15232K, reserved 1048576K
}
Event: 23.702 GC heap after
{Heap after GC invocations=51 (full 0):
 garbage-first heap   total 354304K, used 207631K [0x0000000080000000, 0x0000000100000000)
  region size 1024K, 14 young (14336K), 14 survivors (14336K)
 Metaspace       used 105384K, committed 106048K, reserved 1179648K
  class space    used 14916K, committed 15232K, reserved 1048576K
}
Event: 24.367 GC heap before
{Heap before GC invocations=51 (full 0):
 garbage-first heap   total 354304K, used 269071K [0x0000000080000000, 0x0000000100000000)
  region size 1024K, 75 young (76800K), 14 survivors (14336K)
 Metaspace       used 107862K, committed 108608K, reserved 1179648K
  class space    used 15386K, committed 15744K, reserved 1048576K
}
Event: 24.419 GC heap after
{Heap after GC invocations=52 (full 0):
 garbage-first heap   total 354304K, used 223232K [0x0000000080000000, 0x0000000100000000)
  region size 1024K, 10 young (10240K), 10 survivors (10240K)
 Metaspace       used 107862K, committed 108608K, reserved 1179648K
  class space    used 15386K, committed 15744K, reserved 1048576K
}
Event: 25.876 GC heap before
{Heap before GC invocations=52 (full 0):
 garbage-first heap   total 354304K, used 277504K [0x0000000080000000, 0x0000000100000000)
  region size 1024K, 64 young (65536K), 10 survivors (10240K)
 Metaspace       used 111562K, committed 112384K, reserved 1179648K
  class space    used 15946K, committed 16320K, reserved 1048576K
}
Event: 25.912 GC heap after
{Heap after GC invocations=53 (full 0):
 garbage-first heap   total 354304K, used 228381K [0x0000000080000000, 0x0000000100000000)
  region size 1024K, 4 young (4096K), 4 survivors (4096K)
 Metaspace       used 111562K, committed 112384K, reserved 1179648K
  class space    used 15946K, committed 16320K, reserved 1048576K
}
Event: 26.655 GC heap before
{Heap before GC invocations=53 (full 0):
 garbage-first heap   total 354304K, used 284701K [0x0000000080000000, 0x0000000100000000)
  region size 1024K, 59 young (60416K), 4 survivors (4096K)
 Metaspace       used 112947K, committed 113728K, reserved 1179648K
  class space    used 16072K, committed 16448K, reserved 1048576K
}
Event: 26.665 GC heap after
{Heap after GC invocations=54 (full 0):
 garbage-first heap   total 354304K, used 228063K [0x0000000080000000, 0x0000000100000000)
  region size 1024K, 4 young (4096K), 4 survivors (4096K)
 Metaspace       used 112947K, committed 113728K, reserved 1179648K
  class space    used 16072K, committed 16448K, reserved 1048576K
}
Event: 27.153 GC heap before
{Heap before GC invocations=54 (full 0):
 garbage-first heap   total 354304K, used 287455K [0x0000000080000000, 0x0000000100000000)
  region size 1024K, 63 young (64512K), 4 survivors (4096K)
 Metaspace       used 113960K, committed 114752K, reserved 1179648K
  class space    used 16261K, committed 16640K, reserved 1048576K
}
Event: 27.163 GC heap after
{Heap after GC invocations=55 (full 0):
 garbage-first heap   total 354304K, used 235761K [0x0000000080000000, 0x0000000100000000)
  region size 1024K, 8 young (8192K), 8 survivors (8192K)
 Metaspace       used 113960K, committed 114752K, reserved 1179648K
  class space    used 16261K, committed 16640K, reserved 1048576K
}
Event: 27.421 GC heap before
{Heap before GC invocations=55 (full 0):
 garbage-first heap   total 354304K, used 290033K [0x0000000080000000, 0x0000000100000000)
  region size 1024K, 62 young (63488K), 8 survivors (8192K)
 Metaspace       used 114175K, committed 114944K, reserved 1179648K
  class space    used 16271K, committed 16640K, reserved 1048576K
}
Event: 27.433 GC heap after
{Heap after GC invocations=56 (full 0):
 garbage-first heap   total 354304K, used 237505K [0x0000000080000000, 0x0000000100000000)
  region size 1024K, 7 young (7168K), 7 survivors (7168K)
 Metaspace       used 114175K, committed 114944K, reserved 1179648K
  class space    used 16271K, committed 16640K, reserved 1048576K
}
Event: 27.802 GC heap before
{Heap before GC invocations=56 (full 0):
 garbage-first heap   total 354304K, used 291777K [0x0000000080000000, 0x0000000100000000)
  region size 1024K, 61 young (62464K), 7 survivors (7168K)
 Metaspace       used 114305K, committed 115072K, reserved 1179648K
  class space    used 16271K, committed 16640K, reserved 1048576K
}

