# JRE version: OpenJDK Runtime Environment (17.0.9) (build 17.0.9+0--11185874)
# Java VM: OpenJDK 64-Bit Server VM (17.0.9+0--11185874, mixed mode, tiered, compressed oops, compressed class ptrs, g1 gc, windows-amd64)
GC Precious Log:
 CPUs: 8 total, 8 available
 Memory: 6030M
 Large Page Support: Disabled
 NUMA Support: Disabled
 Compressed Oops: Enabled (32-bit)
 Heap Region Size: 1M
 Heap Min Capacity: 8M
 Heap Initial Capacity: 96M
 Heap Max Capacity: 2G
 Pre-touch: Disabled
 Parallel Workers: 8
 Concurrent Workers: 2
 Concurrent Refinement Workers: 8
 Periodic GC: Disabled
Heap:
 garbage-first heap   total 208896K, used 143311K [0x0000000080000000, 0x0000000100000000)
  region size 1024K, 15 young (15360K), 6 survivors (6144K)
 Metaspace       used 101037K, committed 101760K, reserved 1179648K
  class space    used 13661K, committed 14016K, reserved 1048576K
GC Heap History (20 events):
Event: 30.030 GC heap before
{Heap before GC invocations=41 (full 0):
 garbage-first heap   total 111616K, used 82649K [0x0000000080000000, 0x0000000100000000)
  region size 1024K, 26 young (26624K), 1 survivors (1024K)
 Metaspace       used 70634K, committed 71168K, reserved 1114112K
  class space    used 9565K, committed 9792K, reserved 1048576K
}
Event: 30.037 GC heap after
{Heap after GC invocations=42 (full 0):
 garbage-first heap   total 224256K, used 58644K [0x0000000080000000, 0x0000000100000000)
  region size 1024K, 1 young (1024K), 1 survivors (1024K)
 Metaspace       used 70634K, committed 71168K, reserved 1114112K
  class space    used 9565K, committed 9792K, reserved 1048576K
}
Event: 34.176 GC heap before
{Heap before GC invocations=43 (full 0):
 garbage-first heap   total 208896K, used 151828K [0x0000000080000000, 0x0000000100000000)
  region size 1024K, 92 young (94208K), 1 survivors (1024K)
 Metaspace       used 77925K, committed 78592K, reserved 1179648K
  class space    used 10741K, committed 11072K, reserved 1048576K
}
Event: 34.185 GC heap after
{Heap after GC invocations=44 (full 0):
 garbage-first heap   total 208896K, used 62419K [0x0000000080000000, 0x0000000100000000)
  region size 1024K, 5 young (5120K), 5 survivors (5120K)
 Metaspace       used 77925K, committed 78592K, reserved 1179648K
  class space    used 10741K, committed 11072K, reserved 1048576K
}
Event: 34.473 GC heap before
{Heap before GC invocations=44 (full 0):
 garbage-first heap   total 208896K, used 66515K [0x0000000080000000, 0x0000000100000000)
  region size 1024K, 10 young (10240K), 5 survivors (5120K)
 Metaspace       used 78314K, committed 78976K, reserved 1179648K
  class space    used 10812K, committed 11136K, reserved 1048576K
}
Event: 34.504 GC heap after
{Heap after GC invocations=45 (full 0):
 garbage-first heap   total 208896K, used 62623K [0x0000000080000000, 0x0000000100000000)
  region size 1024K, 1 young (1024K), 1 survivors (1024K)
 Metaspace       used 78314K, committed 78976K, reserved 1179648K
  class space    used 10812K, committed 11136K, reserved 1048576K
}
Event: 38.148 GC heap before
{Heap before GC invocations=45 (full 0):
 garbage-first heap   total 208896K, used 155807K [0x0000000080000000, 0x0000000100000000)
  region size 1024K, 92 young (94208K), 1 survivors (1024K)
 Metaspace       used 87180K, committed 87872K, reserved 1179648K
  class space    used 12088K, committed 12416K, reserved 1048576K
}
Event: 38.158 GC heap after
{Heap after GC invocations=46 (full 0):
 garbage-first heap   total 208896K, used 67015K [0x0000000080000000, 0x0000000100000000)
  region size 1024K, 6 young (6144K), 6 survivors (6144K)
 Metaspace       used 87180K, committed 87872K, reserved 1179648K
  class space    used 12088K, committed 12416K, reserved 1048576K
}
Event: 41.206 GC heap before
{Heap before GC invocations=46 (full 0):
 garbage-first heap   total 208896K, used 158151K [0x0000000080000000, 0x0000000100000000)
  region size 1024K, 96 young (98304K), 6 survivors (6144K)
 Metaspace       used 91202K, committed 91904K, reserved 1179648K
  class space    used 12733K, committed 13056K, reserved 1048576K
}
Event: 41.256 GC heap after
{Heap after GC invocations=47 (full 0):
 garbage-first heap   total 208896K, used 74462K [0x0000000080000000, 0x0000000100000000)
  region size 1024K, 12 young (12288K), 12 survivors (12288K)
 Metaspace       used 91202K, committed 91904K, reserved 1179648K
  class space    used 12733K, committed 13056K, reserved 1048576K
}
Event: 50.379 GC heap before
{Heap before GC invocations=47 (full 0):
 garbage-first heap   total 208896K, used 167646K [0x0000000080000000, 0x0000000100000000)
  region size 1024K, 97 young (99328K), 12 survivors (12288K)
 Metaspace       used 94738K, committed 95488K, reserved 1179648K
  class space    used 13029K, committed 13440K, reserved 1048576K
}
Event: 50.461 GC heap after
{Heap after GC invocations=48 (full 0):
 garbage-first heap   total 208896K, used 99652K [0x0000000080000000, 0x0000000100000000)
  region size 1024K, 13 young (13312K), 13 survivors (13312K)
 Metaspace       used 94738K, committed 95488K, reserved 1179648K
  class space    used 13029K, committed 13440K, reserved 1048576K
}
Event: 53.340 GC heap before
{Heap before GC invocations=48 (full 0):
 garbage-first heap   total 208896K, used 170308K [0x0000000080000000, 0x0000000100000000)
  region size 1024K, 66 young (67584K), 13 survivors (13312K)
 Metaspace       used 95301K, committed 96000K, reserved 1179648K
  class space    used 13079K, committed 13440K, reserved 1048576K
}
Event: 53.370 GC heap after
{Heap after GC invocations=49 (full 0):
 garbage-first heap   total 208896K, used 121536K [0x0000000080000000, 0x0000000100000000)
  region size 1024K, 9 young (9216K), 9 survivors (9216K)
 Metaspace       used 95301K, committed 96000K, reserved 1179648K
  class space    used 13079K, committed 13440K, reserved 1048576K
}
Event: 55.180 GC heap before
{Heap before GC invocations=49 (full 0):
 garbage-first heap   total 208896K, used 160448K [0x0000000080000000, 0x0000000100000000)
  region size 1024K, 48 young (49152K), 9 survivors (9216K)
 Metaspace       used 97980K, committed 98752K, reserved 1179648K
  class space    used 13378K, committed 13760K, reserved 1048576K
}
Event: 55.196 GC heap after
{Heap after GC invocations=50 (full 0):
 garbage-first heap   total 208896K, used 127534K [0x0000000080000000, 0x0000000100000000)
  region size 1024K, 5 young (5120K), 5 survivors (5120K)
 Metaspace       used 97980K, committed 98752K, reserved 1179648K
  class space    used 13378K, committed 13760K, reserved 1048576K
}
Event: 56.400 GC heap before
{Heap before GC invocations=50 (full 0):
 garbage-first heap   total 208896K, used 182830K [0x0000000080000000, 0x0000000100000000)
  region size 1024K, 43 young (44032K), 5 survivors (5120K)
 Metaspace       used 98692K, committed 99456K, reserved 1179648K
  class space    used 13447K, committed 13824K, reserved 1048576K
}
Event: 56.408 GC heap after
{Heap after GC invocations=51 (full 0):
 garbage-first heap   total 208896K, used 130367K [0x0000000080000000, 0x0000000100000000)
  region size 1024K, 3 young (3072K), 3 survivors (3072K)
 Metaspace       used 98692K, committed 99456K, reserved 1179648K
  class space    used 13447K, committed 13824K, reserved 1048576K
}
Event: 56.879 GC heap before
{Heap before GC invocations=51 (full 0):
 garbage-first heap   total 208896K, used 168255K [0x0000000080000000, 0x0000000100000000)
  region size 1024K, 41 young (41984K), 3 survivors (3072K)
 Metaspace       used 100366K, committed 101056K, reserved 1179648K
  class space    used 13591K, committed 13952K, reserved 1048576K
}
Event: 56.888 GC heap after
{Heap after GC invocations=52 (full 0):
 garbage-first heap   total 208896K, used 136143K [0x0000000080000000, 0x0000000100000000)
  region size 1024K, 6 young (6144K), 6 survivors (6144K)
 Metaspace       used 100366K, committed 101056K, reserved 1179648K
  class space    used 13591K, committed 13952K, reserved 1048576K
}

