# JRE version: OpenJDK Runtime Environment (17.0.10) (build 17.0.10+0--11572160)
# Java VM: OpenJDK 64-Bit Server VM (17.0.10+0--11572160, mixed mode, tiered, compressed oops, compressed class ptrs, g1 gc, windows-amd64)
GC Precious Log:
 CPUs: 8 total, 8 available
 Memory: 6030M
 Large Page Support: Disabled
 NUMA Support: Disabled
 Compressed Oops: Enabled (32-bit)
 Heap Region Size: 1M
 Heap Min Capacity: 8M
 Heap Initial Capacity: 96M
 Heap Max Capacity: 2G
 Pre-touch: Disabled
 Parallel Workers: 8
 Concurrent Workers: 2
 Concurrent Refinement Workers: 8
 Periodic GC: Disabled
Heap:
 garbage-first heap   total 346112K, used 135871K [0x0000000080000000, 0x0000000100000000)
  region size 1024K, 2 young (2048K), 2 survivors (2048K)
 Metaspace       used 136626K, committed 137664K, reserved 1179648K
  class space    used 18448K, committed 18944K, reserved 1048576K
GC Heap History (20 events):
Event: 564.293 GC heap after
{Heap after GC invocations=55 (full 0):
 garbage-first heap   total 346112K, used 121005K [0x0000000080000000, 0x0000000100000000)
  region size 1024K, 17 young (17408K), 17 survivors (17408K)
 Metaspace       used 133793K, committed 134784K, reserved 1179648K
  class space    used 18196K, committed 18688K, reserved 1048576K
}
Event: 564.298 GC heap before
{Heap before GC invocations=55 (full 0):
 garbage-first heap   total 346112K, used 122029K [0x0000000080000000, 0x0000000100000000)
  region size 1024K, 18 young (18432K), 17 survivors (17408K)
 Metaspace       used 133793K, committed 134784K, reserved 1179648K
  class space    used 18196K, committed 18688K, reserved 1048576K
}
Event: 564.338 GC heap after
{Heap after GC invocations=56 (full 0):
 garbage-first heap   total 346112K, used 118750K [0x0000000080000000, 0x0000000100000000)
  region size 1024K, 3 young (3072K), 3 survivors (3072K)
 Metaspace       used 133793K, committed 134784K, reserved 1179648K
  class space    used 18196K, committed 18688K, reserved 1048576K
}
Event: 565.890 GC heap before
{Heap before GC invocations=56 (full 0):
 garbage-first heap   total 346112K, used 188382K [0x0000000080000000, 0x0000000100000000)
  region size 1024K, 73 young (74752K), 3 survivors (3072K)
 Metaspace       used 134178K, committed 135232K, reserved 1179648K
  class space    used 18219K, committed 18688K, reserved 1048576K
}
Event: 565.945 GC heap after
{Heap after GC invocations=57 (full 0):
 garbage-first heap   total 346112K, used 126978K [0x0000000080000000, 0x0000000100000000)
  region size 1024K, 11 young (11264K), 11 survivors (11264K)
 Metaspace       used 134178K, committed 135232K, reserved 1179648K
  class space    used 18219K, committed 18688K, reserved 1048576K
}
Event: 1042.672 GC heap before
{Heap before GC invocations=58 (full 0):
 garbage-first heap   total 346112K, used 252930K [0x0000000080000000, 0x0000000100000000)
  region size 1024K, 120 young (122880K), 11 survivors (11264K)
 Metaspace       used 134484K, committed 135488K, reserved 1179648K
  class space    used 18232K, committed 18688K, reserved 1048576K
}
Event: 1042.750 GC heap after
{Heap after GC invocations=59 (full 0):
 garbage-first heap   total 346112K, used 143644K [0x0000000080000000, 0x0000000100000000)
  region size 1024K, 15 young (15360K), 15 survivors (15360K)
 Metaspace       used 134484K, committed 135488K, reserved 1179648K
  class space    used 18232K, committed 18688K, reserved 1048576K
}
Event: 1042.762 GC heap before
{Heap before GC invocations=59 (full 0):
 garbage-first heap   total 346112K, used 144668K [0x0000000080000000, 0x0000000100000000)
  region size 1024K, 16 young (16384K), 15 survivors (15360K)
 Metaspace       used 134484K, committed 135488K, reserved 1179648K
  class space    used 18232K, committed 18688K, reserved 1048576K
}
Event: 1042.810 GC heap after
{Heap after GC invocations=60 (full 0):
 garbage-first heap   total 346112K, used 141833K [0x0000000080000000, 0x0000000100000000)
  region size 1024K, 2 young (2048K), 2 survivors (2048K)
 Metaspace       used 134484K, committed 135488K, reserved 1179648K
  class space    used 18232K, committed 18688K, reserved 1048576K
}
Event: 1044.416 GC heap before
{Heap before GC invocations=60 (full 0):
 garbage-first heap   total 346112K, used 212489K [0x0000000080000000, 0x0000000100000000)
  region size 1024K, 73 young (74752K), 2 survivors (2048K)
 Metaspace       used 135220K, committed 136256K, reserved 1179648K
  class space    used 18318K, committed 18816K, reserved 1048576K
}
Event: 1044.430 GC heap after
{Heap after GC invocations=61 (full 0):
 garbage-first heap   total 346112K, used 148465K [0x0000000080000000, 0x0000000100000000)
  region size 1024K, 9 young (9216K), 9 survivors (9216K)
 Metaspace       used 135220K, committed 136256K, reserved 1179648K
  class space    used 18318K, committed 18816K, reserved 1048576K
}
Event: 1266.592 GC heap before
{Heap before GC invocations=62 (full 0):
 garbage-first heap   total 346112K, used 267249K [0x0000000080000000, 0x0000000100000000)
  region size 1024K, 111 young (113664K), 9 survivors (9216K)
 Metaspace       used 136064K, committed 137088K, reserved 1179648K
  class space    used 18367K, committed 18880K, reserved 1048576K
}
Event: 1266.802 GC heap after
{Heap after GC invocations=63 (full 0):
 garbage-first heap   total 346112K, used 170802K [0x0000000080000000, 0x0000000100000000)
  region size 1024K, 14 young (14336K), 14 survivors (14336K)
 Metaspace       used 136064K, committed 137088K, reserved 1179648K
  class space    used 18367K, committed 18880K, reserved 1048576K
}
Event: 1266.854 GC heap before
{Heap before GC invocations=63 (full 0):
 garbage-first heap   total 346112K, used 172850K [0x0000000080000000, 0x0000000100000000)
  region size 1024K, 16 young (16384K), 14 survivors (14336K)
 Metaspace       used 136065K, committed 137088K, reserved 1179648K
  class space    used 18367K, committed 18880K, reserved 1048576K
}
Event: 1267.111 GC heap after
{Heap after GC invocations=64 (full 0):
 garbage-first heap   total 346112K, used 148098K [0x0000000080000000, 0x0000000100000000)
  region size 1024K, 2 young (2048K), 2 survivors (2048K)
 Metaspace       used 136065K, committed 137088K, reserved 1179648K
  class space    used 18367K, committed 18880K, reserved 1048576K
}
Event: 1267.501 GC heap before
{Heap before GC invocations=64 (full 0):
 garbage-first heap   total 346112K, used 155266K [0x0000000080000000, 0x0000000100000000)
  region size 1024K, 10 young (10240K), 2 survivors (2048K)
 Metaspace       used 136070K, committed 137152K, reserved 1179648K
  class space    used 18367K, committed 18880K, reserved 1048576K
}
Event: 1267.688 GC heap after
{Heap after GC invocations=65 (full 0):
 garbage-first heap   total 346112K, used 154637K [0x0000000080000000, 0x0000000100000000)
  region size 1024K, 9 young (9216K), 9 survivors (9216K)
 Metaspace       used 136070K, committed 137152K, reserved 1179648K
  class space    used 18367K, committed 18880K, reserved 1048576K
}
Event: 1269.673 GC heap before
{Heap before GC invocations=66 (full 0):
 garbage-first heap   total 346112K, used 193931K [0x0000000080000000, 0x0000000100000000)
  region size 1024K, 34 young (34816K), 9 survivors (9216K)
 Metaspace       used 136155K, committed 137216K, reserved 1179648K
  class space    used 18373K, committed 18880K, reserved 1048576K
}
Event: 1269.688 GC heap after
{Heap after GC invocations=67 (full 0):
 garbage-first heap   total 346112K, used 156454K [0x0000000080000000, 0x0000000100000000)
  region size 1024K, 5 young (5120K), 5 survivors (5120K)
 Metaspace       used 136155K, committed 137216K, reserved 1179648K
  class space    used 18373K, committed 18880K, reserved 1048576K
}
Event: 1269.956 GC heap before
{Heap before GC invocations=67 (full 0):
 garbage-first heap   total 346112K, used 166694K [0x0000000080000000, 0x0000000100000000)
  region size 1024K, 16 young (16384K), 5 survivors (5120K)
 Metaspace       used 136626K, committed 137664K, reserved 1179648K
  class space    used 18448K, committed 18944K, reserved 1048576K
}

