# JRE version: OpenJDK Runtime Environment (17.0.9) (build 17.0.9+0--11185874)
# Java VM: OpenJDK 64-Bit Server VM (17.0.9+0--11185874, mixed mode, tiered, compressed oops, compressed class ptrs, g1 gc, windows-amd64)
GC Precious Log:
 CPUs: 8 total, 8 available
 Memory: 6030M
 Large Page Support: Disabled
 NUMA Support: Disabled
 Compressed Oops: Enabled (32-bit)
 Heap Region Size: 1M
 Heap Min Capacity: 8M
 Heap Initial Capacity: 96M
 Heap Max Capacity: 2G
 Pre-touch: Disabled
 Parallel Workers: 8
 Concurrent Workers: 2
 Concurrent Refinement Workers: 8
 Periodic GC: Disabled
Heap:
 garbage-first heap   total 109568K, used 73778K [0x0000000080000000, 0x0000000100000000)
  region size 1024K, 12 young (12288K), 3 survivors (3072K)
 Metaspace       used 86122K, committed 86720K, reserved 1179648K
  class space    used 11863K, committed 12160K, reserved 1048576K
GC Heap History (20 events):
Event: 17.297 GC heap before
{Heap before GC invocations=36 (full 0):
 garbage-first heap   total 109568K, used 80606K [0x0000000080000000, 0x0000000100000000)
  region size 1024K, 29 young (29696K), 2 survivors (2048K)
 Metaspace       used 67573K, committed 68160K, reserved 1114112K
  class space    used 9078K, committed 9344K, reserved 1048576K
}
Event: 17.301 GC heap after
{Heap after GC invocations=37 (full 0):
 garbage-first heap   total 109568K, used 53576K [0x0000000080000000, 0x0000000100000000)
  region size 1024K, 2 young (2048K), 2 survivors (2048K)
 Metaspace       used 67573K, committed 68160K, reserved 1114112K
  class space    used 9078K, committed 9344K, reserved 1048576K
}
Event: 17.442 GC heap before
{Heap before GC invocations=37 (full 0):
 garbage-first heap   total 109568K, used 56648K [0x0000000080000000, 0x0000000100000000)
  region size 1024K, 5 young (5120K), 2 survivors (2048K)
 Metaspace       used 67860K, committed 68480K, reserved 1114112K
  class space    used 9132K, committed 9408K, reserved 1048576K
}
Event: 17.447 GC heap after
{Heap after GC invocations=38 (full 0):
 garbage-first heap   total 109568K, used 53455K [0x0000000080000000, 0x0000000100000000)
  region size 1024K, 1 young (1024K), 1 survivors (1024K)
 Metaspace       used 67860K, committed 68480K, reserved 1114112K
  class space    used 9132K, committed 9408K, reserved 1048576K
}
Event: 19.219 GC heap before
{Heap before GC invocations=38 (full 0):
 garbage-first heap   total 109568K, used 89295K [0x0000000080000000, 0x0000000100000000)
  region size 1024K, 30 young (30720K), 1 survivors (1024K)
 Metaspace       used 69429K, committed 69952K, reserved 1114112K
  class space    used 9375K, committed 9600K, reserved 1048576K
}
Event: 19.224 GC heap after
{Heap after GC invocations=39 (full 0):
 garbage-first heap   total 109568K, used 57097K [0x0000000080000000, 0x0000000100000000)
  region size 1024K, 4 young (4096K), 4 survivors (4096K)
 Metaspace       used 69429K, committed 69952K, reserved 1114112K
  class space    used 9375K, committed 9600K, reserved 1048576K
}
Event: 21.215 GC heap before
{Heap before GC invocations=39 (full 0):
 garbage-first heap   total 109568K, used 84745K [0x0000000080000000, 0x0000000100000000)
  region size 1024K, 31 young (31744K), 4 survivors (4096K)
 Metaspace       used 71600K, committed 72128K, reserved 1114112K
  class space    used 9661K, committed 9920K, reserved 1048576K
}
Event: 21.220 GC heap after
{Heap after GC invocations=40 (full 0):
 garbage-first heap   total 109568K, used 58785K [0x0000000080000000, 0x0000000100000000)
  region size 1024K, 2 young (2048K), 2 survivors (2048K)
 Metaspace       used 71600K, committed 72128K, reserved 1114112K
  class space    used 9661K, committed 9920K, reserved 1048576K
}
Event: 22.556 GC heap before
{Heap before GC invocations=40 (full 0):
 garbage-first heap   total 109568K, used 86433K [0x0000000080000000, 0x0000000100000000)
  region size 1024K, 29 young (29696K), 2 survivors (2048K)
 Metaspace       used 73889K, committed 74496K, reserved 1114112K
  class space    used 9967K, committed 10240K, reserved 1048576K
}
Event: 22.560 GC heap after
{Heap after GC invocations=41 (full 0):
 garbage-first heap   total 109568K, used 59957K [0x0000000080000000, 0x0000000100000000)
  region size 1024K, 3 young (3072K), 3 survivors (3072K)
 Metaspace       used 73889K, committed 74496K, reserved 1114112K
  class space    used 9967K, committed 10240K, reserved 1048576K
}
Event: 23.954 GC heap before
{Heap before GC invocations=41 (full 0):
 garbage-first heap   total 109568K, used 87605K [0x0000000080000000, 0x0000000100000000)
  region size 1024K, 30 young (30720K), 3 survivors (3072K)
 Metaspace       used 77377K, committed 77952K, reserved 1179648K
  class space    used 10448K, committed 10688K, reserved 1048576K
}
Event: 23.959 GC heap after
{Heap after GC invocations=42 (full 0):
 garbage-first heap   total 109568K, used 60852K [0x0000000080000000, 0x0000000100000000)
  region size 1024K, 3 young (3072K), 3 survivors (3072K)
 Metaspace       used 77377K, committed 77952K, reserved 1179648K
  class space    used 10448K, committed 10688K, reserved 1048576K
}
Event: 25.138 GC heap before
{Heap before GC invocations=42 (full 0):
 garbage-first heap   total 109568K, used 88500K [0x0000000080000000, 0x0000000100000000)
  region size 1024K, 30 young (30720K), 3 survivors (3072K)
 Metaspace       used 79002K, committed 79488K, reserved 1179648K
  class space    used 10650K, committed 10880K, reserved 1048576K
}
Event: 25.144 GC heap after
{Heap after GC invocations=43 (full 0):
 garbage-first heap   total 109568K, used 62739K [0x0000000080000000, 0x0000000100000000)
  region size 1024K, 3 young (3072K), 3 survivors (3072K)
 Metaspace       used 79002K, committed 79488K, reserved 1179648K
  class space    used 10650K, committed 10880K, reserved 1048576K
}
Event: 26.075 GC heap before
{Heap before GC invocations=43 (full 0):
 garbage-first heap   total 109568K, used 89363K [0x0000000080000000, 0x0000000100000000)
  region size 1024K, 29 young (29696K), 3 survivors (3072K)
 Metaspace       used 80984K, committed 81536K, reserved 1179648K
  class space    used 10953K, committed 11200K, reserved 1048576K
}
Event: 26.079 GC heap after
{Heap after GC invocations=44 (full 0):
 garbage-first heap   total 109568K, used 63483K [0x0000000080000000, 0x0000000100000000)
  region size 1024K, 3 young (3072K), 3 survivors (3072K)
 Metaspace       used 80984K, committed 81536K, reserved 1179648K
  class space    used 10953K, committed 11200K, reserved 1048576K
}
Event: 28.407 GC heap before
{Heap before GC invocations=44 (full 0):
 garbage-first heap   total 109568K, used 89083K [0x0000000080000000, 0x0000000100000000)
  region size 1024K, 29 young (29696K), 3 survivors (3072K)
 Metaspace       used 83183K, committed 83712K, reserved 1179648K
  class space    used 11416K, committed 11648K, reserved 1048576K
}
Event: 28.410 GC heap after
{Heap after GC invocations=45 (full 0):
 garbage-first heap   total 109568K, used 64396K [0x0000000080000000, 0x0000000100000000)
  region size 1024K, 2 young (2048K), 2 survivors (2048K)
 Metaspace       used 83183K, committed 83712K, reserved 1179648K
  class space    used 11416K, committed 11648K, reserved 1048576K
}
Event: 29.130 GC heap before
{Heap before GC invocations=45 (full 0):
 garbage-first heap   total 109568K, used 91020K [0x0000000080000000, 0x0000000100000000)
  region size 1024K, 28 young (28672K), 2 survivors (2048K)
 Metaspace       used 85213K, committed 85760K, reserved 1179648K
  class space    used 11716K, committed 11968K, reserved 1048576K
}
Event: 29.136 GC heap after
{Heap after GC invocations=46 (full 0):
 garbage-first heap   total 109568K, used 65586K [0x0000000080000000, 0x0000000100000000)
  region size 1024K, 3 young (3072K), 3 survivors (3072K)
 Metaspace       used 85213K, committed 85760K, reserved 1179648K
  class space    used 11716K, committed 11968K, reserved 1048576K
}

